<?xml version="1.0" encoding="UTF-8"?>
<coverage generated="1539345086641" clover="3.2.0">
  <project timestamp="1539345086642" name="All files">
    <metrics statements="117" coveredstatements="111" conditionals="10" coveredconditionals="9" methods="29" coveredmethods="24" elements="156" coveredelements="144" complexity="0" loc="117" ncloc="117" packages="27" files="43" classes="43">
      <package name="readwithaudrey">
        <metrics statements="1" coveredstatements="1" conditionals="0" coveredconditionals="0" methods="0" coveredmethods="0"/>
        <file name="loadershim.js" path="/Users/bennewman/FACN4/client-project/readwithaudrey/loadershim.js">
          <metrics statements="1" coveredstatements="1" conditionals="0" coveredconditionals="0" methods="0" coveredmethods="0"/>
          <line num="1" count="24" type="stmt"/>
        </file>
      </package>
      <package name="readwithaudrey.src.components">
        <metrics statements="0" coveredstatements="0" conditionals="0" coveredconditionals="0" methods="0" coveredmethods="0"/>
        <file name="index.js" path="/Users/bennewman/FACN4/client-project/readwithaudrey/src/components/index.js">
          <metrics statements="0" coveredstatements="0" conditionals="0" coveredconditionals="0" methods="0" coveredmethods="0"/>
        </file>
      </package>
      <package name="readwithaudrey.src.components.Button">
        <metrics statements="10" coveredstatements="10" conditionals="4" coveredconditionals="4" methods="1" coveredmethods="1"/>
        <file name="Button.js" path="/Users/bennewman/FACN4/client-project/readwithaudrey/src/components/Button/Button.js">
          <metrics statements="7" coveredstatements="7" conditionals="4" coveredconditionals="4" methods="1" coveredmethods="1"/>
          <line num="5" count="14" type="stmt"/>
          <line num="6" count="16" type="cond" truecount="2" falsecount="0"/>
          <line num="7" count="9" type="stmt"/>
          <line num="8" count="7" type="cond" truecount="2" falsecount="0"/>
          <line num="9" count="6" type="stmt"/>
          <line num="11" count="1" type="stmt"/>
          <line num="15" count="14" type="stmt"/>
        </file>
        <file name="Button.style.js" path="/Users/bennewman/FACN4/client-project/readwithaudrey/src/components/Button/Button.style.js">
          <metrics statements="3" coveredstatements="3" conditionals="0" coveredconditionals="0" methods="0" coveredmethods="0"/>
          <line num="3" count="14" type="stmt"/>
          <line num="13" count="14" type="stmt"/>
          <line num="18" count="14" type="stmt"/>
        </file>
      </package>
      <package name="readwithaudrey.src.components.DropDownBox">
        <metrics statements="4" coveredstatements="4" conditionals="0" coveredconditionals="0" methods="1" coveredmethods="1"/>
        <file name="DropDownBox.js" path="/Users/bennewman/FACN4/client-project/readwithaudrey/src/components/DropDownBox/DropDownBox.js">
          <metrics statements="3" coveredstatements="3" conditionals="0" coveredconditionals="0" methods="1" coveredmethods="1"/>
          <line num="5" count="14" type="stmt"/>
          <line num="6" count="2" type="stmt"/>
          <line num="75" count="14" type="stmt"/>
        </file>
        <file name="DropDownBox.style.js" path="/Users/bennewman/FACN4/client-project/readwithaudrey/src/components/DropDownBox/DropDownBox.style.js">
          <metrics statements="1" coveredstatements="1" conditionals="0" coveredconditionals="0" methods="0" coveredmethods="0"/>
          <line num="3" count="14" type="stmt"/>
        </file>
      </package>
      <package name="readwithaudrey.src.components.Footer">
        <metrics statements="5" coveredstatements="5" conditionals="0" coveredconditionals="0" methods="1" coveredmethods="1"/>
        <file name="Footer.js" path="/Users/bennewman/FACN4/client-project/readwithaudrey/src/components/Footer/Footer.js">
          <metrics statements="2" coveredstatements="2" conditionals="0" coveredconditionals="0" methods="1" coveredmethods="1"/>
          <line num="5" count="14" type="stmt"/>
          <line num="6" count="9" type="stmt"/>
        </file>
        <file name="Footer.style.js" path="/Users/bennewman/FACN4/client-project/readwithaudrey/src/components/Footer/Footer.style.js">
          <metrics statements="3" coveredstatements="3" conditionals="0" coveredconditionals="0" methods="0" coveredmethods="0"/>
          <line num="3" count="14" type="stmt"/>
          <line num="9" count="14" type="stmt"/>
          <line num="15" count="14" type="stmt"/>
        </file>
      </package>
      <package name="readwithaudrey.src.components.Header">
        <metrics statements="4" coveredstatements="4" conditionals="0" coveredconditionals="0" methods="1" coveredmethods="1"/>
        <file name="Header.js" path="/Users/bennewman/FACN4/client-project/readwithaudrey/src/components/Header/Header.js">
          <metrics statements="3" coveredstatements="3" conditionals="0" coveredconditionals="0" methods="1" coveredmethods="1"/>
          <line num="8" count="13" type="stmt"/>
          <line num="9" count="9" type="stmt"/>
          <line num="20" count="13" type="stmt"/>
        </file>
        <file name="Header.style.js" path="/Users/bennewman/FACN4/client-project/readwithaudrey/src/components/Header/Header.style.js">
          <metrics statements="1" coveredstatements="1" conditionals="0" coveredconditionals="0" methods="0" coveredmethods="0"/>
          <line num="3" count="13" type="stmt"/>
        </file>
      </package>
      <package name="readwithaudrey.src.components.HomepageLayout">
        <metrics statements="7" coveredstatements="4" conditionals="0" coveredconditionals="0" methods="3" coveredmethods="0"/>
        <file name="HomepageLayout.js" path="/Users/bennewman/FACN4/client-project/readwithaudrey/src/components/HomepageLayout/HomepageLayout.js">
          <metrics statements="7" coveredstatements="4" conditionals="0" coveredconditionals="0" methods="3" coveredmethods="0"/>
          <line num="13" count="13" type="stmt"/>
          <line num="14" count="0" type="stmt"/>
          <line num="34" count="13" type="stmt"/>
          <line num="35" count="0" type="stmt"/>
          <line num="45" count="0" type="stmt"/>
          <line num="49" count="13" type="stmt"/>
          <line num="53" count="13" type="stmt"/>
        </file>
      </package>
      <package name="readwithaudrey.src.components.InputBox">
        <metrics statements="3" coveredstatements="3" conditionals="0" coveredconditionals="0" methods="1" coveredmethods="1"/>
        <file name="InputBox.js" path="/Users/bennewman/FACN4/client-project/readwithaudrey/src/components/InputBox/InputBox.js">
          <metrics statements="2" coveredstatements="2" conditionals="0" coveredconditionals="0" methods="1" coveredmethods="1"/>
          <line num="5" count="14" type="stmt"/>
          <line num="7" count="14" type="stmt"/>
        </file>
        <file name="InputBox.style.js" path="/Users/bennewman/FACN4/client-project/readwithaudrey/src/components/InputBox/InputBox.style.js">
          <metrics statements="1" coveredstatements="1" conditionals="0" coveredconditionals="0" methods="0" coveredmethods="0"/>
          <line num="3" count="14" type="stmt"/>
        </file>
      </package>
      <package name="readwithaudrey.src.components.Label">
        <metrics statements="3" coveredstatements="3" conditionals="0" coveredconditionals="0" methods="1" coveredmethods="1"/>
        <file name="Label.js" path="/Users/bennewman/FACN4/client-project/readwithaudrey/src/components/Label/Label.js">
          <metrics statements="2" coveredstatements="2" conditionals="0" coveredconditionals="0" methods="1" coveredmethods="1"/>
          <line num="5" count="15" type="stmt"/>
          <line num="7" count="14" type="stmt"/>
        </file>
        <file name="Label.style.js" path="/Users/bennewman/FACN4/client-project/readwithaudrey/src/components/Label/Label.style.js">
          <metrics statements="1" coveredstatements="1" conditionals="0" coveredconditionals="0" methods="0" coveredmethods="0"/>
          <line num="3" count="14" type="stmt"/>
        </file>
      </package>
      <package name="readwithaudrey.src.components.Layout">
        <metrics statements="11" coveredstatements="8" conditionals="4" coveredconditionals="3" methods="3" coveredmethods="1"/>
        <file name="Layout.js" path="/Users/bennewman/FACN4/client-project/readwithaudrey/src/components/Layout/Layout.js">
          <metrics statements="11" coveredstatements="8" conditionals="4" coveredconditionals="3" methods="3" coveredmethods="1"/>
          <line num="13" count="13" type="stmt"/>
          <line num="14" count="8" type="cond" truecount="2" falsecount="0"/>
          <line num="15" count="8" type="stmt"/>
          <line num="35" count="13" type="stmt"/>
          <line num="36" count="0" type="stmt"/>
          <line num="46" count="0" type="stmt"/>
          <line num="50" count="13" type="stmt"/>
          <line num="54" count="13" type="stmt"/>
          <line num="59" count="13" type="cond" truecount="1" falsecount="1"/>
          <line num="60" count="13" type="stmt"/>
          <line num="62" count="0" type="stmt"/>
        </file>
      </package>
      <package name="readwithaudrey.src.components.RadioButton">
        <metrics statements="6" coveredstatements="6" conditionals="0" coveredconditionals="0" methods="1" coveredmethods="1"/>
        <file name="RadioButton.js" path="/Users/bennewman/FACN4/client-project/readwithaudrey/src/components/RadioButton/RadioButton.js">
          <metrics statements="3" coveredstatements="3" conditionals="0" coveredconditionals="0" methods="1" coveredmethods="1"/>
          <line num="5" count="14" type="stmt"/>
          <line num="6" count="12" type="stmt"/>
          <line num="14" count="14" type="stmt"/>
        </file>
        <file name="RadioButton.style.js" path="/Users/bennewman/FACN4/client-project/readwithaudrey/src/components/RadioButton/RadioButton.style.js">
          <metrics statements="3" coveredstatements="3" conditionals="0" coveredconditionals="0" methods="0" coveredmethods="0"/>
          <line num="3" count="14" type="stmt"/>
          <line num="9" count="14" type="stmt"/>
          <line num="13" count="14" type="stmt"/>
        </file>
      </package>
      <package name="readwithaudrey.src.components.RankingBox">
        <metrics statements="6" coveredstatements="6" conditionals="0" coveredconditionals="0" methods="1" coveredmethods="1"/>
        <file name="RankingBox.js" path="/Users/bennewman/FACN4/client-project/readwithaudrey/src/components/RankingBox/RankingBox.js">
          <metrics statements="3" coveredstatements="3" conditionals="0" coveredconditionals="0" methods="1" coveredmethods="1"/>
          <line num="5" count="14" type="stmt"/>
          <line num="6" count="4" type="stmt"/>
          <line num="14" count="14" type="stmt"/>
        </file>
        <file name="RankingBox.style.js" path="/Users/bennewman/FACN4/client-project/readwithaudrey/src/components/RankingBox/RankingBox.style.js">
          <metrics statements="3" coveredstatements="3" conditionals="0" coveredconditionals="0" methods="0" coveredmethods="0"/>
          <line num="3" count="14" type="stmt"/>
          <line num="13" count="14" type="stmt"/>
          <line num="21" count="14" type="stmt"/>
        </file>
      </package>
      <package name="readwithaudrey.src.components.StatusBar">
        <metrics statements="7" coveredstatements="7" conditionals="2" coveredconditionals="2" methods="1" coveredmethods="1"/>
        <file name="StatusBar.js" path="/Users/bennewman/FACN4/client-project/readwithaudrey/src/components/StatusBar/StatusBar.js">
          <metrics statements="5" coveredstatements="5" conditionals="2" coveredconditionals="2" methods="1" coveredmethods="1"/>
          <line num="5" count="14" type="stmt"/>
          <line num="6" count="10" type="cond" truecount="2" falsecount="0"/>
          <line num="7" count="3" type="stmt"/>
          <line num="9" count="7" type="stmt"/>
          <line num="13" count="14" type="stmt"/>
        </file>
        <file name="StatusBar.style.js" path="/Users/bennewman/FACN4/client-project/readwithaudrey/src/components/StatusBar/StatusBar.style.js">
          <metrics statements="2" coveredstatements="2" conditionals="0" coveredconditionals="0" methods="0" coveredmethods="0"/>
          <line num="3" count="14" type="stmt"/>
          <line num="14" count="14" type="stmt"/>
        </file>
      </package>
      <package name="readwithaudrey.src.components.TextArea">
        <metrics statements="4" coveredstatements="4" conditionals="0" coveredconditionals="0" methods="1" coveredmethods="1"/>
        <file name="TextArea.js" path="/Users/bennewman/FACN4/client-project/readwithaudrey/src/components/TextArea/TextArea.js">
          <metrics statements="3" coveredstatements="3" conditionals="0" coveredconditionals="0" methods="1" coveredmethods="1"/>
          <line num="5" count="14" type="stmt"/>
          <line num="6" count="4" type="stmt"/>
          <line num="9" count="14" type="stmt"/>
        </file>
        <file name="TextArea.style.js" path="/Users/bennewman/FACN4/client-project/readwithaudrey/src/components/TextArea/TextArea.style.js">
          <metrics statements="1" coveredstatements="1" conditionals="0" coveredconditionals="0" methods="0" coveredmethods="0"/>
          <line num="3" count="14" type="stmt"/>
        </file>
      </package>
      <package name="readwithaudrey.src.components.TextBox">
        <metrics statements="3" coveredstatements="3" conditionals="0" coveredconditionals="0" methods="1" coveredmethods="1"/>
        <file name="TextBox.js" path="/Users/bennewman/FACN4/client-project/readwithaudrey/src/components/TextBox/TextBox.js">
          <metrics statements="2" coveredstatements="2" conditionals="0" coveredconditionals="0" methods="1" coveredmethods="1"/>
          <line num="5" count="34" type="stmt"/>
          <line num="7" count="14" type="stmt"/>
        </file>
        <file name="TextBox.style.js" path="/Users/bennewman/FACN4/client-project/readwithaudrey/src/components/TextBox/TextBox.style.js">
          <metrics statements="1" coveredstatements="1" conditionals="0" coveredconditionals="0" methods="0" coveredmethods="0"/>
          <line num="3" count="14" type="stmt"/>
        </file>
      </package>
      <package name="readwithaudrey.src.pageSections.AboutAudrey">
        <metrics statements="4" coveredstatements="4" conditionals="0" coveredconditionals="0" methods="1" coveredmethods="1"/>
        <file name="AboutAudrey.js" path="/Users/bennewman/FACN4/client-project/readwithaudrey/src/pageSections/AboutAudrey/AboutAudrey.js">
          <metrics statements="3" coveredstatements="3" conditionals="0" coveredconditionals="0" methods="1" coveredmethods="1"/>
          <line num="6" count="1" type="stmt"/>
          <line num="7" count="1" type="stmt"/>
          <line num="32" count="1" type="stmt"/>
        </file>
        <file name="AboutAudrey.style.js" path="/Users/bennewman/FACN4/client-project/readwithaudrey/src/pageSections/AboutAudrey/AboutAudrey.style.js">
          <metrics statements="1" coveredstatements="1" conditionals="0" coveredconditionals="0" methods="0" coveredmethods="0"/>
          <line num="3" count="1" type="stmt"/>
        </file>
      </package>
      <package name="readwithaudrey.src.pageSections.AsSeenOn">
        <metrics statements="4" coveredstatements="4" conditionals="0" coveredconditionals="0" methods="1" coveredmethods="1"/>
        <file name="AsSeenOn.js" path="/Users/bennewman/FACN4/client-project/readwithaudrey/src/pageSections/AsSeenOn/AsSeenOn.js">
          <metrics statements="3" coveredstatements="3" conditionals="0" coveredconditionals="0" methods="1" coveredmethods="1"/>
          <line num="9" count="1" type="stmt"/>
          <line num="10" count="1" type="stmt"/>
          <line num="19" count="1" type="stmt"/>
        </file>
        <file name="AsSeenOn.style.js" path="/Users/bennewman/FACN4/client-project/readwithaudrey/src/pageSections/AsSeenOn/AsSeenOn.style.js">
          <metrics statements="1" coveredstatements="1" conditionals="0" coveredconditionals="0" methods="0" coveredmethods="0"/>
          <line num="3" count="1" type="stmt"/>
        </file>
      </package>
      <package name="readwithaudrey.src.pageSections.Examples">
        <metrics statements="4" coveredstatements="4" conditionals="0" coveredconditionals="0" methods="1" coveredmethods="1"/>
        <file name="Examples.js" path="/Users/bennewman/FACN4/client-project/readwithaudrey/src/pageSections/Examples/Examples.js">
          <metrics statements="3" coveredstatements="3" conditionals="0" coveredconditionals="0" methods="1" coveredmethods="1"/>
          <line num="7" count="1" type="stmt"/>
          <line num="8" count="1" type="stmt"/>
          <line num="38" count="1" type="stmt"/>
        </file>
        <file name="Examples.style.js" path="/Users/bennewman/FACN4/client-project/readwithaudrey/src/pageSections/Examples/Examples.style.js">
          <metrics statements="1" coveredstatements="1" conditionals="0" coveredconditionals="0" methods="0" coveredmethods="0"/>
          <line num="3" count="1" type="stmt"/>
        </file>
      </package>
      <package name="readwithaudrey.src.pageSections.HowItWorks">
        <metrics statements="4" coveredstatements="4" conditionals="0" coveredconditionals="0" methods="1" coveredmethods="1"/>
        <file name="HowItWorks.js" path="/Users/bennewman/FACN4/client-project/readwithaudrey/src/pageSections/HowItWorks/HowItWorks.js">
          <metrics statements="3" coveredstatements="3" conditionals="0" coveredconditionals="0" methods="1" coveredmethods="1"/>
          <line num="9" count="1" type="stmt"/>
          <line num="10" count="1" type="stmt"/>
          <line num="37" count="1" type="stmt"/>
        </file>
        <file name="HowItWorks.style.js" path="/Users/bennewman/FACN4/client-project/readwithaudrey/src/pageSections/HowItWorks/HowItWorks.style.js">
          <metrics statements="1" coveredstatements="1" conditionals="0" coveredconditionals="0" methods="0" coveredmethods="0"/>
          <line num="3" count="1" type="stmt"/>
        </file>
      </package>
      <package name="readwithaudrey.src.pageSections.WelcomeScreen">
        <metrics statements="4" coveredstatements="4" conditionals="0" coveredconditionals="0" methods="1" coveredmethods="1"/>
        <file name="WelcomeScreen.js" path="/Users/bennewman/FACN4/client-project/readwithaudrey/src/pageSections/WelcomeScreen/WelcomeScreen.js">
          <metrics statements="3" coveredstatements="3" conditionals="0" coveredconditionals="0" methods="1" coveredmethods="1"/>
          <line num="8" count="1" type="stmt"/>
          <line num="9" count="1" type="stmt"/>
          <line num="28" count="1" type="stmt"/>
        </file>
        <file name="WelcomeScreen.style.js" path="/Users/bennewman/FACN4/client-project/readwithaudrey/src/pageSections/WelcomeScreen/WelcomeScreen.style.js">
          <metrics statements="1" coveredstatements="1" conditionals="0" coveredconditionals="0" methods="0" coveredmethods="0"/>
          <line num="3" count="1" type="stmt"/>
        </file>
      </package>
      <package name="readwithaudrey.src.pages.404">
        <metrics statements="2" coveredstatements="2" conditionals="0" coveredconditionals="0" methods="1" coveredmethods="1"/>
        <file name="index.js" path="/Users/bennewman/FACN4/client-project/readwithaudrey/src/pages/404/index.js">
          <metrics statements="2" coveredstatements="2" conditionals="0" coveredconditionals="0" methods="1" coveredmethods="1"/>
          <line num="4" count="1" type="stmt"/>
          <line num="5" count="1" type="stmt"/>
        </file>
      </package>
      <package name="readwithaudrey.src.pages.Form1">
        <metrics statements="5" coveredstatements="5" conditionals="0" coveredconditionals="0" methods="1" coveredmethods="1"/>
        <file name="index.js" path="/Users/bennewman/FACN4/client-project/readwithaudrey/src/pages/Form1/index.js">
          <metrics statements="5" coveredstatements="5" conditionals="0" coveredconditionals="0" methods="1" coveredmethods="1"/>
          <line num="14" count="1" type="stmt"/>
          <line num="15" count="1" type="stmt"/>
          <line num="16" count="1" type="stmt"/>
          <line num="50" count="1" type="stmt"/>
          <line num="54" count="1" type="stmt"/>
        </file>
      </package>
      <package name="readwithaudrey.src.pages.Form2">
        <metrics statements="5" coveredstatements="5" conditionals="0" coveredconditionals="0" methods="1" coveredmethods="1"/>
        <file name="index.js" path="/Users/bennewman/FACN4/client-project/readwithaudrey/src/pages/Form2/index.js">
          <metrics statements="5" coveredstatements="5" conditionals="0" coveredconditionals="0" methods="1" coveredmethods="1"/>
          <line num="17" count="1" type="stmt"/>
          <line num="18" count="1" type="stmt"/>
          <line num="19" count="1" type="stmt"/>
          <line num="70" count="1" type="stmt"/>
          <line num="74" count="1" type="stmt"/>
        </file>
      </package>
      <package name="readwithaudrey.src.pages.Form3">
        <metrics statements="5" coveredstatements="5" conditionals="0" coveredconditionals="0" methods="1" coveredmethods="1"/>
        <file name="index.js" path="/Users/bennewman/FACN4/client-project/readwithaudrey/src/pages/Form3/index.js">
          <metrics statements="5" coveredstatements="5" conditionals="0" coveredconditionals="0" methods="1" coveredmethods="1"/>
          <line num="15" count="1" type="stmt"/>
          <line num="16" count="1" type="stmt"/>
          <line num="17" count="1" type="stmt"/>
          <line num="53" count="1" type="stmt"/>
          <line num="57" count="1" type="stmt"/>
        </file>
      </package>
      <package name="readwithaudrey.src.pages.contact">
        <metrics statements="2" coveredstatements="2" conditionals="0" coveredconditionals="0" methods="1" coveredmethods="1"/>
        <file name="index.js" path="/Users/bennewman/FACN4/client-project/readwithaudrey/src/pages/contact/index.js">
          <metrics statements="2" coveredstatements="2" conditionals="0" coveredconditionals="0" methods="1" coveredmethods="1"/>
          <line num="13" count="1" type="stmt"/>
          <line num="14" count="1" type="stmt"/>
        </file>
      </package>
      <package name="readwithaudrey.src.pages.faq">
        <metrics statements="2" coveredstatements="2" conditionals="0" coveredconditionals="0" methods="1" coveredmethods="1"/>
        <file name="index.js" path="/Users/bennewman/FACN4/client-project/readwithaudrey/src/pages/faq/index.js">
          <metrics statements="2" coveredstatements="2" conditionals="0" coveredconditionals="0" methods="1" coveredmethods="1"/>
          <line num="5" count="1" type="stmt"/>
          <line num="6" count="1" type="stmt"/>
        </file>
      </package>
      <package name="readwithaudrey.src.pages.thankyou">
        <metrics statements="2" coveredstatements="2" conditionals="0" coveredconditionals="0" methods="1" coveredmethods="1"/>
        <file name="index.js" path="/Users/bennewman/FACN4/client-project/readwithaudrey/src/pages/thankyou/index.js">
          <metrics statements="2" coveredstatements="2" conditionals="0" coveredconditionals="0" methods="1" coveredmethods="1"/>
          <line num="9" count="1" type="stmt"/>
          <line num="10" count="1" type="stmt"/>
        </file>
      </package>
    </metrics>
  </project>
</coverage>
