{"/Users/bennewman/FACN4/client-project/readwithaudrey/loadershim.js": {"path":"/Users/bennewman/FACN4/client-project/readwithaudrey/loadershim.js","statementMap":{"0":{"start":{"line":1,"column":0},"end":{"line":3,"column":1}}},"fnMap":{},"branchMap":{},"s":{"0":24},"f":{},"b":{},"_coverageSchema":"332fd63041d2c1bcb487cc26dd0d5f7d97098a6c","hash":"5e5690078e44cfd1193dd4118ef5591271d13ed2"}
,"/Users/bennewman/FACN4/client-project/readwithaudrey/src/components/index.js": {"path":"/Users/bennewman/FACN4/client-project/readwithaudrey/src/components/index.js","statementMap":{},"fnMap":{},"branchMap":{},"s":{},"f":{},"b":{},"_coverageSchema":"332fd63041d2c1bcb487cc26dd0d5f7d97098a6c","hash":"66c2d9ac26c33de8a4ade885cca958e8a5e0799c"}
,"/Users/bennewman/FACN4/client-project/readwithaudrey/src/components/Button/Button.js": {"path":"/Users/bennewman/FACN4/client-project/readwithaudrey/src/components/Button/Button.js","statementMap":{"0":{"start":{"line":5,"column":15},"end":{"line":13,"column":1}},"1":{"start":{"line":6,"column":2},"end":{"line":12,"column":3}},"2":{"start":{"line":7,"column":4},"end":{"line":7,"column":56}},"3":{"start":{"line":8,"column":9},"end":{"line":12,"column":3}},"4":{"start":{"line":9,"column":4},"end":{"line":9,"column":60}},"5":{"start":{"line":11,"column":4},"end":{"line":11,"column":56}},"6":{"start":{"line":15,"column":0},"end":{"line":18,"column":1}}},"fnMap":{"0":{"name":"(anonymous_0)","decl":{"start":{"line":5,"column":15},"end":{"line":5,"column":16}},"loc":{"start":{"line":5,"column":24},"end":{"line":13,"column":1}},"line":5}},"branchMap":{"0":{"loc":{"start":{"line":6,"column":2},"end":{"line":12,"column":3}},"type":"if","locations":[{"start":{"line":6,"column":2},"end":{"line":12,"column":3}},{"start":{"line":6,"column":2},"end":{"line":12,"column":3}}],"line":6},"1":{"loc":{"start":{"line":8,"column":9},"end":{"line":12,"column":3}},"type":"if","locations":[{"start":{"line":8,"column":9},"end":{"line":12,"column":3}},{"start":{"line":8,"column":9},"end":{"line":12,"column":3}}],"line":8}},"s":{"0":14,"1":16,"2":9,"3":7,"4":6,"5":1,"6":14},"f":{"0":16},"b":{"0":[9,7],"1":[6,1]},"_coverageSchema":"332fd63041d2c1bcb487cc26dd0d5f7d97098a6c","hash":"d1c8decc24fe51e04a61e02c665cfe81f94416c9"}
,"/Users/bennewman/FACN4/client-project/readwithaudrey/src/components/Button/Button.style.js": {"path":"/Users/bennewman/FACN4/client-project/readwithaudrey/src/components/Button/Button.style.js","statementMap":{"0":{"start":{"line":3,"column":28},"end":{"line":11,"column":1}},"1":{"start":{"line":13,"column":28},"end":{"line":16,"column":1}},"2":{"start":{"line":18,"column":30},"end":{"line":26,"column":1}}},"fnMap":{},"branchMap":{},"s":{"0":14,"1":14,"2":14},"f":{},"b":{},"_coverageSchema":"332fd63041d2c1bcb487cc26dd0d5f7d97098a6c","hash":"5ca14e5c09490c21396a95765c72f1dd71fa09b3"}
,"/Users/bennewman/FACN4/client-project/readwithaudrey/src/components/DropDownBox/DropDownBox.js": {"path":"/Users/bennewman/FACN4/client-project/readwithaudrey/src/components/DropDownBox/DropDownBox.js","statementMap":{"0":{"start":{"line":5,"column":20},"end":{"line":73,"column":1}},"1":{"start":{"line":6,"column":2},"end":{"line":72,"column":3}},"2":{"start":{"line":75,"column":0},"end":{"line":77,"column":1}}},"fnMap":{"0":{"name":"(anonymous_0)","decl":{"start":{"line":5,"column":20},"end":{"line":5,"column":21}},"loc":{"start":{"line":5,"column":26},"end":{"line":73,"column":1}},"line":5}},"branchMap":{},"s":{"0":14,"1":2,"2":14},"f":{"0":2},"b":{},"_coverageSchema":"332fd63041d2c1bcb487cc26dd0d5f7d97098a6c","hash":"906ee1c3d4e4c44af40ebb738dd8073e9052ede6"}
,"/Users/bennewman/FACN4/client-project/readwithaudrey/src/components/DropDownBox/DropDownBox.style.js": {"path":"/Users/bennewman/FACN4/client-project/readwithaudrey/src/components/DropDownBox/DropDownBox.style.js","statementMap":{"0":{"start":{"line":3,"column":22},"end":{"line":9,"column":1}}},"fnMap":{},"branchMap":{},"s":{"0":14},"f":{},"b":{},"_coverageSchema":"332fd63041d2c1bcb487cc26dd0d5f7d97098a6c","hash":"ff3e131b7eac56cb75fca021e5cd0e2e84410b7e"}
,"/Users/bennewman/FACN4/client-project/readwithaudrey/src/components/Footer/Footer.js": {"path":"/Users/bennewman/FACN4/client-project/readwithaudrey/src/components/Footer/Footer.js","statementMap":{"0":{"start":{"line":5,"column":15},"end":{"line":31,"column":1}},"1":{"start":{"line":6,"column":2},"end":{"line":30,"column":17}}},"fnMap":{"0":{"name":"(anonymous_0)","decl":{"start":{"line":5,"column":15},"end":{"line":5,"column":16}},"loc":{"start":{"line":6,"column":2},"end":{"line":30,"column":17}},"line":6}},"branchMap":{},"s":{"0":14,"1":9},"f":{"0":9},"b":{},"_coverageSchema":"332fd63041d2c1bcb487cc26dd0d5f7d97098a6c","hash":"c2fdb00d280bcc5adbe2341379ff11df13527b5a"}
,"/Users/bennewman/FACN4/client-project/readwithaudrey/src/components/Footer/Footer.style.js": {"path":"/Users/bennewman/FACN4/client-project/readwithaudrey/src/components/Footer/Footer.style.js","statementMap":{"0":{"start":{"line":3,"column":28},"end":{"line":7,"column":1}},"1":{"start":{"line":9,"column":25},"end":{"line":13,"column":1}},"2":{"start":{"line":15,"column":25},"end":{"line":19,"column":1}}},"fnMap":{},"branchMap":{},"s":{"0":14,"1":14,"2":14},"f":{},"b":{},"_coverageSchema":"332fd63041d2c1bcb487cc26dd0d5f7d97098a6c","hash":"5206926710d5380bd62af881e00b33aa51dacd47"}
,"/Users/bennewman/FACN4/client-project/readwithaudrey/src/components/Header/Header.js": {"path":"/Users/bennewman/FACN4/client-project/readwithaudrey/src/components/Header/Header.js","statementMap":{"0":{"start":{"line":8,"column":15},"end":{"line":18,"column":1}},"1":{"start":{"line":9,"column":2},"end":{"line":17,"column":17}},"2":{"start":{"line":20,"column":0},"end":{"line":22,"column":1}}},"fnMap":{"0":{"name":"(anonymous_0)","decl":{"start":{"line":8,"column":15},"end":{"line":8,"column":16}},"loc":{"start":{"line":9,"column":2},"end":{"line":17,"column":17}},"line":9}},"branchMap":{},"s":{"0":13,"1":9,"2":13},"f":{"0":9},"b":{},"_coverageSchema":"332fd63041d2c1bcb487cc26dd0d5f7d97098a6c","hash":"8bd71c83842a94e0f29b51ce5e919c59a01801bf"}
,"/Users/bennewman/FACN4/client-project/readwithaudrey/src/components/Header/Header.style.js": {"path":"/Users/bennewman/FACN4/client-project/readwithaudrey/src/components/Header/Header.style.js","statementMap":{"0":{"start":{"line":3,"column":21},"end":{"line":15,"column":1}}},"fnMap":{},"branchMap":{},"s":{"0":13},"f":{},"b":{},"_coverageSchema":"332fd63041d2c1bcb487cc26dd0d5f7d97098a6c","hash":"7df424d913c51cbafacf43ad7740bd0547acfcaa"}
,"/Users/bennewman/FACN4/client-project/readwithaudrey/src/components/HomepageLayout/HomepageLayout.js": {"path":"/Users/bennewman/FACN4/client-project/readwithaudrey/src/components/HomepageLayout/HomepageLayout.js","statementMap":{"0":{"start":{"line":13,"column":26},"end":{"line":32,"column":1}},"1":{"start":{"line":14,"column":2},"end":{"line":31,"column":3}},"2":{"start":{"line":34,"column":30},"end":{"line":47,"column":1}},"3":{"start":{"line":35,"column":2},"end":{"line":46,"column":4}},"4":{"start":{"line":45,"column":20},"end":{"line":45,"column":67}},"5":{"start":{"line":49,"column":0},"end":{"line":52,"column":1}},"6":{"start":{"line":53,"column":0},"end":{"line":55,"column":1}}},"fnMap":{"0":{"name":"(anonymous_0)","decl":{"start":{"line":13,"column":26},"end":{"line":13,"column":27}},"loc":{"start":{"line":13,"column":50},"end":{"line":32,"column":1}},"line":13},"1":{"name":"(anonymous_1)","decl":{"start":{"line":34,"column":30},"end":{"line":34,"column":31}},"loc":{"start":{"line":35,"column":2},"end":{"line":46,"column":4}},"line":35},"2":{"name":"(anonymous_2)","decl":{"start":{"line":45,"column":12},"end":{"line":45,"column":13}},"loc":{"start":{"line":45,"column":20},"end":{"line":45,"column":67}},"line":45}},"branchMap":{},"s":{"0":13,"1":0,"2":13,"3":0,"4":0,"5":13,"6":13},"f":{"0":0,"1":0,"2":0},"b":{},"_coverageSchema":"332fd63041d2c1bcb487cc26dd0d5f7d97098a6c","hash":"047d3c0a4196557838404fb566a872b46c860b17"}
,"/Users/bennewman/FACN4/client-project/readwithaudrey/src/components/InputBox/InputBox.js": {"path":"/Users/bennewman/FACN4/client-project/readwithaudrey/src/components/InputBox/InputBox.js","statementMap":{"0":{"start":{"line":5,"column":17},"end":{"line":5,"column":76}},"1":{"start":{"line":5,"column":26},"end":{"line":5,"column":76}},"2":{"start":{"line":7,"column":0},"end":{"line":9,"column":1}}},"fnMap":{"0":{"name":"(anonymous_0)","decl":{"start":{"line":5,"column":17},"end":{"line":5,"column":18}},"loc":{"start":{"line":5,"column":26},"end":{"line":5,"column":76}},"line":5}},"branchMap":{},"s":{"0":14,"1":7,"2":14},"f":{"0":7},"b":{},"_coverageSchema":"332fd63041d2c1bcb487cc26dd0d5f7d97098a6c","hash":"853c6a1371d4599aa3b7a5bfad4234221cfd05a6"}
,"/Users/bennewman/FACN4/client-project/readwithaudrey/src/components/InputBox/InputBox.style.js": {"path":"/Users/bennewman/FACN4/client-project/readwithaudrey/src/components/InputBox/InputBox.style.js","statementMap":{"0":{"start":{"line":3,"column":30},"end":{"line":11,"column":1}}},"fnMap":{},"branchMap":{},"s":{"0":14},"f":{},"b":{},"_coverageSchema":"332fd63041d2c1bcb487cc26dd0d5f7d97098a6c","hash":"e03d8a2cfe1343f81139f34c73cc33a81f718d41"}
,"/Users/bennewman/FACN4/client-project/readwithaudrey/src/components/Label/Label.js": {"path":"/Users/bennewman/FACN4/client-project/readwithaudrey/src/components/Label/Label.js","statementMap":{"0":{"start":{"line":5,"column":14},"end":{"line":5,"column":66}},"1":{"start":{"line":5,"column":23},"end":{"line":5,"column":66}},"2":{"start":{"line":7,"column":0},"end":{"line":9,"column":1}}},"fnMap":{"0":{"name":"(anonymous_0)","decl":{"start":{"line":5,"column":14},"end":{"line":5,"column":15}},"loc":{"start":{"line":5,"column":23},"end":{"line":5,"column":66}},"line":5}},"branchMap":{},"s":{"0":14,"1":15,"2":14},"f":{"0":15},"b":{},"_coverageSchema":"332fd63041d2c1bcb487cc26dd0d5f7d97098a6c","hash":"035db4deb7fea19d57f50ecdae5646bd2f2ea652"}
,"/Users/bennewman/FACN4/client-project/readwithaudrey/src/components/Label/Label.style.js": {"path":"/Users/bennewman/FACN4/client-project/readwithaudrey/src/components/Label/Label.style.js","statementMap":{"0":{"start":{"line":3,"column":27},"end":{"line":7,"column":1}}},"fnMap":{},"branchMap":{},"s":{"0":14},"f":{},"b":{},"_coverageSchema":"332fd63041d2c1bcb487cc26dd0d5f7d97098a6c","hash":"e19531b8bafd65da7e0304ac7e8eaa2b4afa4ae7"}
,"/Users/bennewman/FACN4/client-project/readwithaudrey/src/components/Layout/Layout.js": {"path":"/Users/bennewman/FACN4/client-project/readwithaudrey/src/components/Layout/Layout.js","statementMap":{"0":{"start":{"line":13,"column":26},"end":{"line":33,"column":1}},"1":{"start":{"line":14,"column":16},"end":{"line":14,"column":76}},"2":{"start":{"line":15,"column":2},"end":{"line":32,"column":3}},"3":{"start":{"line":35,"column":20},"end":{"line":48,"column":1}},"4":{"start":{"line":36,"column":2},"end":{"line":47,"column":4}},"5":{"start":{"line":46,"column":20},"end":{"line":46,"column":67}},"6":{"start":{"line":50,"column":0},"end":{"line":53,"column":1}},"7":{"start":{"line":54,"column":0},"end":{"line":56,"column":1}},"8":{"start":{"line":59,"column":0},"end":{"line":63,"column":1}},"9":{"start":{"line":60,"column":2},"end":{"line":60,"column":21}},"10":{"start":{"line":62,"column":2},"end":{"line":62,"column":22}}},"fnMap":{"0":{"name":"(anonymous_0)","decl":{"start":{"line":13,"column":26},"end":{"line":13,"column":27}},"loc":{"start":{"line":13,"column":50},"end":{"line":33,"column":1}},"line":13},"1":{"name":"(anonymous_1)","decl":{"start":{"line":35,"column":20},"end":{"line":35,"column":21}},"loc":{"start":{"line":36,"column":2},"end":{"line":47,"column":4}},"line":36},"2":{"name":"(anonymous_2)","decl":{"start":{"line":46,"column":12},"end":{"line":46,"column":13}},"loc":{"start":{"line":46,"column":20},"end":{"line":46,"column":67}},"line":46}},"branchMap":{"0":{"loc":{"start":{"line":14,"column":16},"end":{"line":14,"column":76}},"type":"cond-expr","locations":[{"start":{"line":14,"column":37},"end":{"line":14,"column":65}},{"start":{"line":14,"column":68},"end":{"line":14,"column":76}}],"line":14},"1":{"loc":{"start":{"line":59,"column":0},"end":{"line":63,"column":1}},"type":"if","locations":[{"start":{"line":59,"column":0},"end":{"line":63,"column":1}},{"start":{"line":59,"column":0},"end":{"line":63,"column":1}}],"line":59}},"s":{"0":13,"1":8,"2":8,"3":13,"4":0,"5":0,"6":13,"7":13,"8":13,"9":13,"10":0},"f":{"0":8,"1":0,"2":0},"b":{"0":[1,7],"1":[13,0]},"_coverageSchema":"332fd63041d2c1bcb487cc26dd0d5f7d97098a6c","hash":"9b5e93afa417d00e8e73b347ffe9027399d140a1"}
,"/Users/bennewman/FACN4/client-project/readwithaudrey/src/components/RadioButton/RadioButton.js": {"path":"/Users/bennewman/FACN4/client-project/readwithaudrey/src/components/RadioButton/RadioButton.js","statementMap":{"0":{"start":{"line":5,"column":20},"end":{"line":12,"column":1}},"1":{"start":{"line":6,"column":2},"end":{"line":11,"column":3}},"2":{"start":{"line":14,"column":0},"end":{"line":16,"column":1}}},"fnMap":{"0":{"name":"(anonymous_0)","decl":{"start":{"line":5,"column":20},"end":{"line":5,"column":21}},"loc":{"start":{"line":5,"column":29},"end":{"line":12,"column":1}},"line":5}},"branchMap":{},"s":{"0":14,"1":12,"2":14},"f":{"0":12},"b":{},"_coverageSchema":"332fd63041d2c1bcb487cc26dd0d5f7d97098a6c","hash":"42e241caa0c0e1e29607a04be8512c05599f12ea"}
,"/Users/bennewman/FACN4/client-project/readwithaudrey/src/components/RadioButton/RadioButton.style.js": {"path":"/Users/bennewman/FACN4/client-project/readwithaudrey/src/components/RadioButton/RadioButton.style.js","statementMap":{"0":{"start":{"line":3,"column":33},"end":{"line":7,"column":1}},"1":{"start":{"line":9,"column":26},"end":{"line":11,"column":1}},"2":{"start":{"line":13,"column":21},"end":{"line":16,"column":1}}},"fnMap":{},"branchMap":{},"s":{"0":14,"1":14,"2":14},"f":{},"b":{},"_coverageSchema":"332fd63041d2c1bcb487cc26dd0d5f7d97098a6c","hash":"e2fbb1bec37381dc9d00f1f05e71f786e4d1cf96"}
,"/Users/bennewman/FACN4/client-project/readwithaudrey/src/components/RankingBox/RankingBox.js": {"path":"/Users/bennewman/FACN4/client-project/readwithaudrey/src/components/RankingBox/RankingBox.js","statementMap":{"0":{"start":{"line":5,"column":19},"end":{"line":12,"column":1}},"1":{"start":{"line":6,"column":2},"end":{"line":11,"column":3}},"2":{"start":{"line":14,"column":0},"end":{"line":17,"column":1}}},"fnMap":{"0":{"name":"(anonymous_0)","decl":{"start":{"line":5,"column":19},"end":{"line":5,"column":20}},"loc":{"start":{"line":5,"column":28},"end":{"line":12,"column":1}},"line":5}},"branchMap":{},"s":{"0":14,"1":4,"2":14},"f":{"0":4},"b":{},"_coverageSchema":"332fd63041d2c1bcb487cc26dd0d5f7d97098a6c","hash":"3bf199cb840a7941335f6297823c4a89cc07f315"}
,"/Users/bennewman/FACN4/client-project/readwithaudrey/src/components/RankingBox/RankingBox.style.js": {"path":"/Users/bennewman/FACN4/client-project/readwithaudrey/src/components/RankingBox/RankingBox.style.js","statementMap":{"0":{"start":{"line":3,"column":32},"end":{"line":11,"column":1}},"1":{"start":{"line":13,"column":24},"end":{"line":19,"column":1}},"2":{"start":{"line":21,"column":27},"end":{"line":25,"column":1}}},"fnMap":{},"branchMap":{},"s":{"0":14,"1":14,"2":14},"f":{},"b":{},"_coverageSchema":"332fd63041d2c1bcb487cc26dd0d5f7d97098a6c","hash":"7244cc568227b82fa374e8bc0617b11898098c1f"}
,"/Users/bennewman/FACN4/client-project/readwithaudrey/src/components/StatusBar/StatusBar.js": {"path":"/Users/bennewman/FACN4/client-project/readwithaudrey/src/components/StatusBar/StatusBar.js","statementMap":{"0":{"start":{"line":5,"column":18},"end":{"line":11,"column":1}},"1":{"start":{"line":6,"column":2},"end":{"line":10,"column":3}},"2":{"start":{"line":7,"column":4},"end":{"line":7,"column":56}},"3":{"start":{"line":9,"column":4},"end":{"line":9,"column":44}},"4":{"start":{"line":13,"column":0},"end":{"line":16,"column":1}}},"fnMap":{"0":{"name":"(anonymous_0)","decl":{"start":{"line":5,"column":18},"end":{"line":5,"column":19}},"loc":{"start":{"line":5,"column":27},"end":{"line":11,"column":1}},"line":5}},"branchMap":{"0":{"loc":{"start":{"line":6,"column":2},"end":{"line":10,"column":3}},"type":"if","locations":[{"start":{"line":6,"column":2},"end":{"line":10,"column":3}},{"start":{"line":6,"column":2},"end":{"line":10,"column":3}}],"line":6}},"s":{"0":14,"1":10,"2":3,"3":7,"4":14},"f":{"0":10},"b":{"0":[3,7]},"_coverageSchema":"332fd63041d2c1bcb487cc26dd0d5f7d97098a6c","hash":"bc37e3299d2e015d1941c8df445741ad29f5a6a7"}
,"/Users/bennewman/FACN4/client-project/readwithaudrey/src/components/StatusBar/StatusBar.style.js": {"path":"/Users/bennewman/FACN4/client-project/readwithaudrey/src/components/StatusBar/StatusBar.style.js","statementMap":{"0":{"start":{"line":3,"column":22},"end":{"line":13,"column":1}},"1":{"start":{"line":14,"column":28},"end":{"line":19,"column":1}}},"fnMap":{},"branchMap":{},"s":{"0":14,"1":14},"f":{},"b":{},"_coverageSchema":"332fd63041d2c1bcb487cc26dd0d5f7d97098a6c","hash":"3c42bce4766d14fcb3c10be5186af96f1a42118d"}
,"/Users/bennewman/FACN4/client-project/readwithaudrey/src/components/TextArea/TextArea.js": {"path":"/Users/bennewman/FACN4/client-project/readwithaudrey/src/components/TextArea/TextArea.js","statementMap":{"0":{"start":{"line":5,"column":17},"end":{"line":7,"column":1}},"1":{"start":{"line":6,"column":2},"end":{"line":6,"column":61}},"2":{"start":{"line":9,"column":0},"end":{"line":11,"column":1}}},"fnMap":{"0":{"name":"(anonymous_0)","decl":{"start":{"line":5,"column":17},"end":{"line":5,"column":18}},"loc":{"start":{"line":6,"column":2},"end":{"line":6,"column":61}},"line":6}},"branchMap":{},"s":{"0":14,"1":4,"2":14},"f":{"0":4},"b":{},"_coverageSchema":"332fd63041d2c1bcb487cc26dd0d5f7d97098a6c","hash":"1ada6402e60a3e0c0ad03d7ca9e3c7eff36a757d"}
,"/Users/bennewman/FACN4/client-project/readwithaudrey/src/components/TextArea/TextArea.style.js": {"path":"/Users/bennewman/FACN4/client-project/readwithaudrey/src/components/TextArea/TextArea.style.js","statementMap":{"0":{"start":{"line":3,"column":30},"end":{"line":12,"column":1}}},"fnMap":{},"branchMap":{},"s":{"0":14},"f":{},"b":{},"_coverageSchema":"332fd63041d2c1bcb487cc26dd0d5f7d97098a6c","hash":"ab2e4416e6cce3741c55fd3c84de04070585e055"}
,"/Users/bennewman/FACN4/client-project/readwithaudrey/src/components/TextBox/TextBox.js": {"path":"/Users/bennewman/FACN4/client-project/readwithaudrey/src/components/TextBox/TextBox.js","statementMap":{"0":{"start":{"line":5,"column":16},"end":{"line":5,"column":72}},"1":{"start":{"line":5,"column":25},"end":{"line":5,"column":72}},"2":{"start":{"line":7,"column":0},"end":{"line":9,"column":1}}},"fnMap":{"0":{"name":"(anonymous_0)","decl":{"start":{"line":5,"column":16},"end":{"line":5,"column":17}},"loc":{"start":{"line":5,"column":25},"end":{"line":5,"column":72}},"line":5}},"branchMap":{},"s":{"0":14,"1":34,"2":14},"f":{"0":34},"b":{},"_coverageSchema":"332fd63041d2c1bcb487cc26dd0d5f7d97098a6c","hash":"987fa8e4f9a4568547192ea7742481dac233db1a"}
,"/Users/bennewman/FACN4/client-project/readwithaudrey/src/components/TextBox/TextBox.style.js": {"path":"/Users/bennewman/FACN4/client-project/readwithaudrey/src/components/TextBox/TextBox.style.js","statementMap":{"0":{"start":{"line":3,"column":29},"end":{"line":10,"column":1}}},"fnMap":{},"branchMap":{},"s":{"0":14},"f":{},"b":{},"_coverageSchema":"332fd63041d2c1bcb487cc26dd0d5f7d97098a6c","hash":"e7bae7957f5606b49db9dc3a82bd39e42d88e824"}
,"/Users/bennewman/FACN4/client-project/readwithaudrey/src/pageSections/AboutAudrey/AboutAudrey.js": {"path":"/Users/bennewman/FACN4/client-project/readwithaudrey/src/pageSections/AboutAudrey/AboutAudrey.js","statementMap":{"0":{"start":{"line":6,"column":20},"end":{"line":30,"column":1}},"1":{"start":{"line":7,"column":2},"end":{"line":29,"column":10}},"2":{"start":{"line":32,"column":0},"end":{"line":34,"column":1}}},"fnMap":{"0":{"name":"(anonymous_0)","decl":{"start":{"line":6,"column":20},"end":{"line":6,"column":21}},"loc":{"start":{"line":7,"column":2},"end":{"line":29,"column":10}},"line":7}},"branchMap":{},"s":{"0":1,"1":1,"2":1},"f":{"0":1},"b":{},"_coverageSchema":"332fd63041d2c1bcb487cc26dd0d5f7d97098a6c","hash":"db580fd5d8c1e81981adf500892397bb4f4994ce"}
,"/Users/bennewman/FACN4/client-project/readwithaudrey/src/pageSections/AboutAudrey/AboutAudrey.style.js": {"path":"/Users/bennewman/FACN4/client-project/readwithaudrey/src/pageSections/AboutAudrey/AboutAudrey.style.js","statementMap":{"0":{"start":{"line":3,"column":14},"end":{"line":7,"column":1}}},"fnMap":{},"branchMap":{},"s":{"0":1},"f":{},"b":{},"_coverageSchema":"332fd63041d2c1bcb487cc26dd0d5f7d97098a6c","hash":"d038c10aa7ffa7cbc716b4ce4a598eb131e8bfb1"}
,"/Users/bennewman/FACN4/client-project/readwithaudrey/src/pageSections/AsSeenOn/AsSeenOn.js": {"path":"/Users/bennewman/FACN4/client-project/readwithaudrey/src/pageSections/AsSeenOn/AsSeenOn.js","statementMap":{"0":{"start":{"line":9,"column":17},"end":{"line":17,"column":1}},"1":{"start":{"line":10,"column":2},"end":{"line":16,"column":19}},"2":{"start":{"line":19,"column":0},"end":{"line":21,"column":1}}},"fnMap":{"0":{"name":"(anonymous_0)","decl":{"start":{"line":9,"column":17},"end":{"line":9,"column":18}},"loc":{"start":{"line":10,"column":2},"end":{"line":16,"column":19}},"line":10}},"branchMap":{},"s":{"0":1,"1":1,"2":1},"f":{"0":1},"b":{},"_coverageSchema":"332fd63041d2c1bcb487cc26dd0d5f7d97098a6c","hash":"93774ecea6cf4da87ef23d223f8a40ba9c6c8f55"}
,"/Users/bennewman/FACN4/client-project/readwithaudrey/src/pageSections/AsSeenOn/AsSeenOn.style.js": {"path":"/Users/bennewman/FACN4/client-project/readwithaudrey/src/pageSections/AsSeenOn/AsSeenOn.style.js","statementMap":{"0":{"start":{"line":3,"column":23},"end":{"line":7,"column":1}}},"fnMap":{},"branchMap":{},"s":{"0":1},"f":{},"b":{},"_coverageSchema":"332fd63041d2c1bcb487cc26dd0d5f7d97098a6c","hash":"ee2c63799499c3a4ef30f7b9acc4b0ff689228f9"}
,"/Users/bennewman/FACN4/client-project/readwithaudrey/src/pageSections/Examples/Examples.js": {"path":"/Users/bennewman/FACN4/client-project/readwithaudrey/src/pageSections/Examples/Examples.js","statementMap":{"0":{"start":{"line":7,"column":17},"end":{"line":36,"column":1}},"1":{"start":{"line":8,"column":2},"end":{"line":35,"column":19}},"2":{"start":{"line":38,"column":0},"end":{"line":40,"column":1}}},"fnMap":{"0":{"name":"(anonymous_0)","decl":{"start":{"line":7,"column":17},"end":{"line":7,"column":18}},"loc":{"start":{"line":8,"column":2},"end":{"line":35,"column":19}},"line":8}},"branchMap":{},"s":{"0":1,"1":1,"2":1},"f":{"0":1},"b":{},"_coverageSchema":"332fd63041d2c1bcb487cc26dd0d5f7d97098a6c","hash":"e1404d397fb766276246e58ca3e2cfa0de898ac0"}
,"/Users/bennewman/FACN4/client-project/readwithaudrey/src/pageSections/Examples/Examples.style.js": {"path":"/Users/bennewman/FACN4/client-project/readwithaudrey/src/pageSections/Examples/Examples.style.js","statementMap":{"0":{"start":{"line":3,"column":23},"end":{"line":7,"column":1}}},"fnMap":{},"branchMap":{},"s":{"0":1},"f":{},"b":{},"_coverageSchema":"332fd63041d2c1bcb487cc26dd0d5f7d97098a6c","hash":"35a4ce3c3d6ede962129fe7ad053b3bfc7c30570"}
,"/Users/bennewman/FACN4/client-project/readwithaudrey/src/pageSections/HowItWorks/HowItWorks.js": {"path":"/Users/bennewman/FACN4/client-project/readwithaudrey/src/pageSections/HowItWorks/HowItWorks.js","statementMap":{"0":{"start":{"line":9,"column":19},"end":{"line":35,"column":1}},"1":{"start":{"line":10,"column":2},"end":{"line":34,"column":21}},"2":{"start":{"line":37,"column":0},"end":{"line":39,"column":1}}},"fnMap":{"0":{"name":"(anonymous_0)","decl":{"start":{"line":9,"column":19},"end":{"line":9,"column":20}},"loc":{"start":{"line":10,"column":2},"end":{"line":34,"column":21}},"line":10}},"branchMap":{},"s":{"0":1,"1":1,"2":1},"f":{"0":1},"b":{},"_coverageSchema":"332fd63041d2c1bcb487cc26dd0d5f7d97098a6c","hash":"37ee2a28ae1605b9c54e124c0f9a959cd754905b"}
,"/Users/bennewman/FACN4/client-project/readwithaudrey/src/pageSections/HowItWorks/HowItWorks.style.js": {"path":"/Users/bennewman/FACN4/client-project/readwithaudrey/src/pageSections/HowItWorks/HowItWorks.style.js","statementMap":{"0":{"start":{"line":3,"column":25},"end":{"line":6,"column":4}}},"fnMap":{},"branchMap":{},"s":{"0":1},"f":{},"b":{},"_coverageSchema":"332fd63041d2c1bcb487cc26dd0d5f7d97098a6c","hash":"4250610b7cb7c4c4818e544ec376a8bf00ad52fb"}
,"/Users/bennewman/FACN4/client-project/readwithaudrey/src/pageSections/WelcomeScreen/WelcomeScreen.js": {"path":"/Users/bennewman/FACN4/client-project/readwithaudrey/src/pageSections/WelcomeScreen/WelcomeScreen.js","statementMap":{"0":{"start":{"line":8,"column":22},"end":{"line":26,"column":1}},"1":{"start":{"line":9,"column":2},"end":{"line":25,"column":12}},"2":{"start":{"line":28,"column":0},"end":{"line":30,"column":1}}},"fnMap":{"0":{"name":"(anonymous_0)","decl":{"start":{"line":8,"column":22},"end":{"line":8,"column":23}},"loc":{"start":{"line":9,"column":2},"end":{"line":25,"column":12}},"line":9}},"branchMap":{},"s":{"0":1,"1":1,"2":1},"f":{"0":1},"b":{},"_coverageSchema":"332fd63041d2c1bcb487cc26dd0d5f7d97098a6c","hash":"1b9bd6c1c2b53fea3496e60e1fca0e51f296cca0"}
,"/Users/bennewman/FACN4/client-project/readwithaudrey/src/pageSections/WelcomeScreen/WelcomeScreen.style.js": {"path":"/Users/bennewman/FACN4/client-project/readwithaudrey/src/pageSections/WelcomeScreen/WelcomeScreen.style.js","statementMap":{"0":{"start":{"line":3,"column":16},"end":{"line":6,"column":4}}},"fnMap":{},"branchMap":{},"s":{"0":1},"f":{},"b":{},"_coverageSchema":"332fd63041d2c1bcb487cc26dd0d5f7d97098a6c","hash":"4c9e4de5c95c7061892636a7d13b26f0b39bbaba"}
,"/Users/bennewman/FACN4/client-project/readwithaudrey/src/pages/404/index.js": {"path":"/Users/bennewman/FACN4/client-project/readwithaudrey/src/pages/404/index.js","statementMap":{"0":{"start":{"line":4,"column":21},"end":{"line":9,"column":1}},"1":{"start":{"line":5,"column":2},"end":{"line":8,"column":11}}},"fnMap":{"0":{"name":"(anonymous_0)","decl":{"start":{"line":4,"column":21},"end":{"line":4,"column":22}},"loc":{"start":{"line":5,"column":2},"end":{"line":8,"column":11}},"line":5}},"branchMap":{},"s":{"0":1,"1":1},"f":{"0":1},"b":{},"_coverageSchema":"332fd63041d2c1bcb487cc26dd0d5f7d97098a6c","hash":"1f324ea0ab454b0c6eba301c89af51b630aee1fe"}
,"/Users/bennewman/FACN4/client-project/readwithaudrey/src/pages/Form1/index.js": {"path":"/Users/bennewman/FACN4/client-project/readwithaudrey/src/pages/Form1/index.js","statementMap":{"0":{"start":{"line":14,"column":14},"end":{"line":48,"column":1}},"1":{"start":{"line":15,"column":25},"end":{"line":15,"column":56}},"2":{"start":{"line":16,"column":2},"end":{"line":47,"column":3}},"3":{"start":{"line":50,"column":0},"end":{"line":52,"column":1}},"4":{"start":{"line":54,"column":21},"end":{"line":69,"column":1}}},"fnMap":{"0":{"name":"(anonymous_0)","decl":{"start":{"line":14,"column":14},"end":{"line":14,"column":15}},"loc":{"start":{"line":14,"column":28},"end":{"line":48,"column":1}},"line":14}},"branchMap":{},"s":{"0":1,"1":1,"2":1,"3":1,"4":1},"f":{"0":1},"b":{},"_coverageSchema":"332fd63041d2c1bcb487cc26dd0d5f7d97098a6c","hash":"033ed08321a0027bd74f4636519bb381e82b9a93"}
,"/Users/bennewman/FACN4/client-project/readwithaudrey/src/pages/Form2/index.js": {"path":"/Users/bennewman/FACN4/client-project/readwithaudrey/src/pages/Form2/index.js","statementMap":{"0":{"start":{"line":17,"column":14},"end":{"line":68,"column":1}},"1":{"start":{"line":18,"column":37},"end":{"line":18,"column":68}},"2":{"start":{"line":19,"column":2},"end":{"line":67,"column":3}},"3":{"start":{"line":70,"column":0},"end":{"line":72,"column":1}},"4":{"start":{"line":74,"column":21},"end":{"line":92,"column":1}}},"fnMap":{"0":{"name":"(anonymous_0)","decl":{"start":{"line":17,"column":14},"end":{"line":17,"column":15}},"loc":{"start":{"line":17,"column":28},"end":{"line":68,"column":1}},"line":17}},"branchMap":{},"s":{"0":1,"1":1,"2":1,"3":1,"4":1},"f":{"0":1},"b":{},"_coverageSchema":"332fd63041d2c1bcb487cc26dd0d5f7d97098a6c","hash":"a190d2668102c276d36802dc3ae0ad6d6873bf21"}
,"/Users/bennewman/FACN4/client-project/readwithaudrey/src/pages/Form3/index.js": {"path":"/Users/bennewman/FACN4/client-project/readwithaudrey/src/pages/Form3/index.js","statementMap":{"0":{"start":{"line":15,"column":14},"end":{"line":51,"column":1}},"1":{"start":{"line":16,"column":25},"end":{"line":16,"column":56}},"2":{"start":{"line":17,"column":2},"end":{"line":50,"column":3}},"3":{"start":{"line":53,"column":0},"end":{"line":55,"column":1}},"4":{"start":{"line":57,"column":21},"end":{"line":72,"column":1}}},"fnMap":{"0":{"name":"(anonymous_0)","decl":{"start":{"line":15,"column":14},"end":{"line":15,"column":15}},"loc":{"start":{"line":15,"column":28},"end":{"line":51,"column":1}},"line":15}},"branchMap":{},"s":{"0":1,"1":1,"2":1,"3":1,"4":1},"f":{"0":1},"b":{},"_coverageSchema":"332fd63041d2c1bcb487cc26dd0d5f7d97098a6c","hash":"17b3c6db8d9dc01dbf1f7f8c76b67f0276686970"}
,"/Users/bennewman/FACN4/client-project/readwithaudrey/src/pages/contact/index.js": {"path":"/Users/bennewman/FACN4/client-project/readwithaudrey/src/pages/contact/index.js","statementMap":{"0":{"start":{"line":13,"column":18},"end":{"line":32,"column":1}},"1":{"start":{"line":14,"column":2},"end":{"line":31,"column":3}}},"fnMap":{"0":{"name":"(anonymous_0)","decl":{"start":{"line":13,"column":18},"end":{"line":13,"column":19}},"loc":{"start":{"line":13,"column":24},"end":{"line":32,"column":1}},"line":13}},"branchMap":{},"s":{"0":1,"1":1},"f":{"0":1},"b":{},"_coverageSchema":"332fd63041d2c1bcb487cc26dd0d5f7d97098a6c","hash":"81b5650c29cd55ddbb24a8c5f33affc908332c8f"}
,"/Users/bennewman/FACN4/client-project/readwithaudrey/src/pages/faq/index.js": {"path":"/Users/bennewman/FACN4/client-project/readwithaudrey/src/pages/faq/index.js","statementMap":{"0":{"start":{"line":5,"column":12},"end":{"line":117,"column":1}},"1":{"start":{"line":6,"column":2},"end":{"line":116,"column":3}}},"fnMap":{"0":{"name":"(anonymous_0)","decl":{"start":{"line":5,"column":12},"end":{"line":5,"column":13}},"loc":{"start":{"line":5,"column":18},"end":{"line":117,"column":1}},"line":5}},"branchMap":{},"s":{"0":1,"1":1},"f":{"0":1},"b":{},"_coverageSchema":"332fd63041d2c1bcb487cc26dd0d5f7d97098a6c","hash":"554fd423d27e1b5b2428f69888477d7f9c8fdc71"}
,"/Users/bennewman/FACN4/client-project/readwithaudrey/src/pages/thankyou/index.js": {"path":"/Users/bennewman/FACN4/client-project/readwithaudrey/src/pages/thankyou/index.js","statementMap":{"0":{"start":{"line":9,"column":17},"end":{"line":39,"column":1}},"1":{"start":{"line":10,"column":2},"end":{"line":38,"column":3}}},"fnMap":{"0":{"name":"(anonymous_0)","decl":{"start":{"line":9,"column":17},"end":{"line":9,"column":18}},"loc":{"start":{"line":9,"column":23},"end":{"line":39,"column":1}},"line":9}},"branchMap":{},"s":{"0":1,"1":1},"f":{"0":1},"b":{},"_coverageSchema":"332fd63041d2c1bcb487cc26dd0d5f7d97098a6c","hash":"f5d2d47d76a833d5a4ee78fcbb0075635abe15e3"}
}
