TN:
SF:/Users/bennewman/FACN4/client-project/readwithaudrey/loadershim.js
FNF:0
FNH:0
DA:1,24
LF:1
LH:1
BRF:0
BRH:0
end_of_record
TN:
SF:/Users/bennewman/FACN4/client-project/readwithaudrey/src/components/index.js
FNF:0
FNH:0
LF:0
LH:0
BRF:0
BRH:0
end_of_record
TN:
SF:/Users/bennewman/FACN4/client-project/readwithaudrey/src/components/Button/Button.js
FN:5,(anonymous_0)
FNF:1
FNH:1
FNDA:16,(anonymous_0)
DA:5,14
DA:6,16
DA:7,9
DA:8,7
DA:9,6
DA:11,1
DA:15,14
LF:7
LH:7
BRDA:6,0,0,9
BRDA:6,0,1,7
BRDA:8,1,0,6
BRDA:8,1,1,1
BRF:4
BRH:4
end_of_record
TN:
SF:/Users/bennewman/FACN4/client-project/readwithaudrey/src/components/Button/Button.style.js
FNF:0
FNH:0
DA:3,14
DA:13,14
DA:18,14
LF:3
LH:3
BRF:0
BRH:0
end_of_record
TN:
SF:/Users/bennewman/FACN4/client-project/readwithaudrey/src/components/DropDownBox/DropDownBox.js
FN:5,(anonymous_0)
FNF:1
FNH:1
FNDA:2,(anonymous_0)
DA:5,14
DA:6,2
DA:75,14
LF:3
LH:3
BRF:0
BRH:0
end_of_record
TN:
SF:/Users/bennewman/FACN4/client-project/readwithaudrey/src/components/DropDownBox/DropDownBox.style.js
FNF:0
FNH:0
DA:3,14
LF:1
LH:1
BRF:0
BRH:0
end_of_record
TN:
SF:/Users/bennewman/FACN4/client-project/readwithaudrey/src/components/Footer/Footer.js
FN:5,(anonymous_0)
FNF:1
FNH:1
FNDA:9,(anonymous_0)
DA:5,14
DA:6,9
LF:2
LH:2
BRF:0
BRH:0
end_of_record
TN:
SF:/Users/bennewman/FACN4/client-project/readwithaudrey/src/components/Footer/Footer.style.js
FNF:0
FNH:0
DA:3,14
DA:9,14
DA:15,14
LF:3
LH:3
BRF:0
BRH:0
end_of_record
TN:
SF:/Users/bennewman/FACN4/client-project/readwithaudrey/src/components/Header/Header.js
FN:8,(anonymous_0)
FNF:1
FNH:1
FNDA:9,(anonymous_0)
DA:8,13
DA:9,9
DA:20,13
LF:3
LH:3
BRF:0
BRH:0
end_of_record
TN:
SF:/Users/bennewman/FACN4/client-project/readwithaudrey/src/components/Header/Header.style.js
FNF:0
FNH:0
DA:3,13
LF:1
LH:1
BRF:0
BRH:0
end_of_record
TN:
SF:/Users/bennewman/FACN4/client-project/readwithaudrey/src/components/HomepageLayout/HomepageLayout.js
FN:13,(anonymous_0)
FN:34,(anonymous_1)
FN:45,(anonymous_2)
FNF:3
FNH:0
FNDA:0,(anonymous_0)
FNDA:0,(anonymous_1)
FNDA:0,(anonymous_2)
DA:13,13
DA:14,0
DA:34,13
DA:35,0
DA:45,0
DA:49,13
DA:53,13
LF:7
LH:4
BRF:0
BRH:0
end_of_record
TN:
SF:/Users/bennewman/FACN4/client-project/readwithaudrey/src/components/InputBox/InputBox.js
FN:5,(anonymous_0)
FNF:1
FNH:1
FNDA:7,(anonymous_0)
DA:5,14
DA:7,14
LF:2
LH:2
BRF:0
BRH:0
end_of_record
TN:
SF:/Users/bennewman/FACN4/client-project/readwithaudrey/src/components/InputBox/InputBox.style.js
FNF:0
FNH:0
DA:3,14
LF:1
LH:1
BRF:0
BRH:0
end_of_record
TN:
SF:/Users/bennewman/FACN4/client-project/readwithaudrey/src/components/Label/Label.js
FN:5,(anonymous_0)
FNF:1
FNH:1
FNDA:15,(anonymous_0)
DA:5,15
DA:7,14
LF:2
LH:2
BRF:0
BRH:0
end_of_record
TN:
SF:/Users/bennewman/FACN4/client-project/readwithaudrey/src/components/Label/Label.style.js
FNF:0
FNH:0
DA:3,14
LF:1
LH:1
BRF:0
BRH:0
end_of_record
TN:
SF:/Users/bennewman/FACN4/client-project/readwithaudrey/src/components/Layout/Layout.js
FN:13,(anonymous_0)
FN:35,(anonymous_1)
FN:46,(anonymous_2)
FNF:3
FNH:1
FNDA:8,(anonymous_0)
FNDA:0,(anonymous_1)
FNDA:0,(anonymous_2)
DA:13,13
DA:14,8
DA:15,8
DA:35,13
DA:36,0
DA:46,0
DA:50,13
DA:54,13
DA:59,13
DA:60,13
DA:62,0
LF:11
LH:8
BRDA:14,0,0,1
BRDA:14,0,1,7
BRDA:59,1,0,13
BRDA:59,1,1,0
BRF:4
BRH:3
end_of_record
TN:
SF:/Users/bennewman/FACN4/client-project/readwithaudrey/src/components/RadioButton/RadioButton.js
FN:5,(anonymous_0)
FNF:1
FNH:1
FNDA:12,(anonymous_0)
DA:5,14
DA:6,12
DA:14,14
LF:3
LH:3
BRF:0
BRH:0
end_of_record
TN:
SF:/Users/bennewman/FACN4/client-project/readwithaudrey/src/components/RadioButton/RadioButton.style.js
FNF:0
FNH:0
DA:3,14
DA:9,14
DA:13,14
LF:3
LH:3
BRF:0
BRH:0
end_of_record
TN:
SF:/Users/bennewman/FACN4/client-project/readwithaudrey/src/components/RankingBox/RankingBox.js
FN:5,(anonymous_0)
FNF:1
FNH:1
FNDA:4,(anonymous_0)
DA:5,14
DA:6,4
DA:14,14
LF:3
LH:3
BRF:0
BRH:0
end_of_record
TN:
SF:/Users/bennewman/FACN4/client-project/readwithaudrey/src/components/RankingBox/RankingBox.style.js
FNF:0
FNH:0
DA:3,14
DA:13,14
DA:21,14
LF:3
LH:3
BRF:0
BRH:0
end_of_record
TN:
SF:/Users/bennewman/FACN4/client-project/readwithaudrey/src/components/StatusBar/StatusBar.js
FN:5,(anonymous_0)
FNF:1
FNH:1
FNDA:10,(anonymous_0)
DA:5,14
DA:6,10
DA:7,3
DA:9,7
DA:13,14
LF:5
LH:5
BRDA:6,0,0,3
BRDA:6,0,1,7
BRF:2
BRH:2
end_of_record
TN:
SF:/Users/bennewman/FACN4/client-project/readwithaudrey/src/components/StatusBar/StatusBar.style.js
FNF:0
FNH:0
DA:3,14
DA:14,14
LF:2
LH:2
BRF:0
BRH:0
end_of_record
TN:
SF:/Users/bennewman/FACN4/client-project/readwithaudrey/src/components/TextArea/TextArea.js
FN:5,(anonymous_0)
FNF:1
FNH:1
FNDA:4,(anonymous_0)
DA:5,14
DA:6,4
DA:9,14
LF:3
LH:3
BRF:0
BRH:0
end_of_record
TN:
SF:/Users/bennewman/FACN4/client-project/readwithaudrey/src/components/TextArea/TextArea.style.js
FNF:0
FNH:0
DA:3,14
LF:1
LH:1
BRF:0
BRH:0
end_of_record
TN:
SF:/Users/bennewman/FACN4/client-project/readwithaudrey/src/components/TextBox/TextBox.js
FN:5,(anonymous_0)
FNF:1
FNH:1
FNDA:34,(anonymous_0)
DA:5,34
DA:7,14
LF:2
LH:2
BRF:0
BRH:0
end_of_record
TN:
SF:/Users/bennewman/FACN4/client-project/readwithaudrey/src/components/TextBox/TextBox.style.js
FNF:0
FNH:0
DA:3,14
LF:1
LH:1
BRF:0
BRH:0
end_of_record
TN:
SF:/Users/bennewman/FACN4/client-project/readwithaudrey/src/pageSections/AboutAudrey/AboutAudrey.js
FN:6,(anonymous_0)
FNF:1
FNH:1
FNDA:1,(anonymous_0)
DA:6,1
DA:7,1
DA:32,1
LF:3
LH:3
BRF:0
BRH:0
end_of_record
TN:
SF:/Users/bennewman/FACN4/client-project/readwithaudrey/src/pageSections/AboutAudrey/AboutAudrey.style.js
FNF:0
FNH:0
DA:3,1
LF:1
LH:1
BRF:0
BRH:0
end_of_record
TN:
SF:/Users/bennewman/FACN4/client-project/readwithaudrey/src/pageSections/AsSeenOn/AsSeenOn.js
FN:9,(anonymous_0)
FNF:1
FNH:1
FNDA:1,(anonymous_0)
DA:9,1
DA:10,1
DA:19,1
LF:3
LH:3
BRF:0
BRH:0
end_of_record
TN:
SF:/Users/bennewman/FACN4/client-project/readwithaudrey/src/pageSections/AsSeenOn/AsSeenOn.style.js
FNF:0
FNH:0
DA:3,1
LF:1
LH:1
BRF:0
BRH:0
end_of_record
TN:
SF:/Users/bennewman/FACN4/client-project/readwithaudrey/src/pageSections/Examples/Examples.js
FN:7,(anonymous_0)
FNF:1
FNH:1
FNDA:1,(anonymous_0)
DA:7,1
DA:8,1
DA:38,1
LF:3
LH:3
BRF:0
BRH:0
end_of_record
TN:
SF:/Users/bennewman/FACN4/client-project/readwithaudrey/src/pageSections/Examples/Examples.style.js
FNF:0
FNH:0
DA:3,1
LF:1
LH:1
BRF:0
BRH:0
end_of_record
TN:
SF:/Users/bennewman/FACN4/client-project/readwithaudrey/src/pageSections/HowItWorks/HowItWorks.js
FN:9,(anonymous_0)
FNF:1
FNH:1
FNDA:1,(anonymous_0)
DA:9,1
DA:10,1
DA:37,1
LF:3
LH:3
BRF:0
BRH:0
end_of_record
TN:
SF:/Users/bennewman/FACN4/client-project/readwithaudrey/src/pageSections/HowItWorks/HowItWorks.style.js
FNF:0
FNH:0
DA:3,1
LF:1
LH:1
BRF:0
BRH:0
end_of_record
TN:
SF:/Users/bennewman/FACN4/client-project/readwithaudrey/src/pageSections/WelcomeScreen/WelcomeScreen.js
FN:8,(anonymous_0)
FNF:1
FNH:1
FNDA:1,(anonymous_0)
DA:8,1
DA:9,1
DA:28,1
LF:3
LH:3
BRF:0
BRH:0
end_of_record
TN:
SF:/Users/bennewman/FACN4/client-project/readwithaudrey/src/pageSections/WelcomeScreen/WelcomeScreen.style.js
FNF:0
FNH:0
DA:3,1
LF:1
LH:1
BRF:0
BRH:0
end_of_record
TN:
SF:/Users/bennewman/FACN4/client-project/readwithaudrey/src/pages/404/index.js
FN:4,(anonymous_0)
FNF:1
FNH:1
FNDA:1,(anonymous_0)
DA:4,1
DA:5,1
LF:2
LH:2
BRF:0
BRH:0
end_of_record
TN:
SF:/Users/bennewman/FACN4/client-project/readwithaudrey/src/pages/Form1/index.js
FN:14,(anonymous_0)
FNF:1
FNH:1
FNDA:1,(anonymous_0)
DA:14,1
DA:15,1
DA:16,1
DA:50,1
DA:54,1
LF:5
LH:5
BRF:0
BRH:0
end_of_record
TN:
SF:/Users/bennewman/FACN4/client-project/readwithaudrey/src/pages/Form2/index.js
FN:17,(anonymous_0)
FNF:1
FNH:1
FNDA:1,(anonymous_0)
DA:17,1
DA:18,1
DA:19,1
DA:70,1
DA:74,1
LF:5
LH:5
BRF:0
BRH:0
end_of_record
TN:
SF:/Users/bennewman/FACN4/client-project/readwithaudrey/src/pages/Form3/index.js
FN:15,(anonymous_0)
FNF:1
FNH:1
FNDA:1,(anonymous_0)
DA:15,1
DA:16,1
DA:17,1
DA:53,1
DA:57,1
LF:5
LH:5
BRF:0
BRH:0
end_of_record
TN:
SF:/Users/bennewman/FACN4/client-project/readwithaudrey/src/pages/contact/index.js
FN:13,(anonymous_0)
FNF:1
FNH:1
FNDA:1,(anonymous_0)
DA:13,1
DA:14,1
LF:2
LH:2
BRF:0
BRH:0
end_of_record
TN:
SF:/Users/bennewman/FACN4/client-project/readwithaudrey/src/pages/faq/index.js
FN:5,(anonymous_0)
FNF:1
FNH:1
FNDA:1,(anonymous_0)
DA:5,1
DA:6,1
LF:2
LH:2
BRF:0
BRH:0
end_of_record
TN:
SF:/Users/bennewman/FACN4/client-project/readwithaudrey/src/pages/thankyou/index.js
FN:9,(anonymous_0)
FNF:1
FNH:1
FNDA:1,(anonymous_0)
DA:9,1
DA:10,1
LF:2
LH:2
BRF:0
BRH:0
end_of_record
